Namespace(data_dir='data/PDE_data/mlcfd_data/training_data', save_dir='data/PDE_data/mlcfd_data/preprocessed_data', fold_id=0, gpu=3, cfd_model='Transolver', cfd_mesh=False, r=0.2, weight=0.5, nb_epochs=200)
use preprocessed data
loading data
Processing Samples:   0%|                                                                                                                                                                                                       | 0/793 [00:00<?, ?it/s]W1106 19:04:56.183758 667320 gpu_resources.cc:119] Please NOTE: device: 0, GPU Compute Capability: 8.6, Driver API Version: 12.2, Runtime API Version: 12.0
W1106 19:04:56.184538 667320 gpu_resources.cc:164] device: 0, cuDNN Version: 9.5.
Processing Samples: 100%|█████████████████████████████████████████████████████████████████████████████████████████████████████████████████████████████████████████████████████████████████████████████████████████████| 793/793 [00:11<00:00, 68.02it/s]
W1106 19:05:09.724177 667320 tensor.cc:64] The Tensor(place) constructor is deprecated since version 2.3, and will be removed in version 2.4! Please use `paddle::empty/full` method to create a new Tensor instead. Reason: A legal tensor cannot be constructed only based on the `place`, and datatype, shape, layout, etc. is also required.
Processing Samples: 100%|████████████████████████████████████████████████████████████████████████████████████████████████████████████████████████████████████████████████████████████████████████████████████████████| 100/100 [00:00<00:00, 118.24it/s]
load data finish
Processing neighbors: 100%|███████████████████████████████████████████████████████████████████████████████████████████████████████████████████████████████████████████████████████████████████████████████████████████| 100/100 [11:54<00:00,  7.15s/it]
param0/1ba30d64da90ea05283ffcfc40c29975
W1106 19:17:06.758952 667320 multiply_fwd_func.cc:64] got different data type, run type protmotion automatically, this may cause data type been changed.
0.0003823243086718335
param0/1159faf9bf78998493680c5a9a367b4a
0.005942742890890212
param0/180d1e3463c29355bda72093f9b5aa73
0.005081295077692087
param0/1736b8494abf38ba4eb766e5a46fceab
0.005111179611775488
param0/18d2959d79af059e476502dcb0dc5465
0.005095656452615698
param0/107699ca67fcdf3fea999fe4ffdc2504
0.005203719692635225
param0/10e15fd62309a13d1812324a4c0d910
0.004700328897466575
param0/1bb6b1ff46096f592dfac2620a0cf07b
0.005782512981684642
param0/1dbb02c20bb93af81c1b3b2ed8d13bf8
0.006577938377545292
param0/10e99b1475098c0aaa69dfdc5532bb13
0.007143574571236421
param0/175a289947f549b0e088606e38104b2
0.0071630257884821155
param0/19d0843797b8b2216abce8cb03e7794
0.007759619535716553
param0/137f67657cdc9da5f985cd98f7d73e9a
0.007552483424944589
param0/1c1bd2dcbb13aa5a6b652ed61c4ad126
0.007687292146128338
param0/1c6591c3fc686bf24132f89b3e69f40f
0.009428950113685055
param0/171c20ce4de5ee8730f65ce13e7c1910
0.010259482061599576
param0/193ec1089f0a98a36518e6cd1fbc5fab
0.010206590455565039
param0/1cde62b063e14777c9152a706245d48
0.010554211963434985
param0/16bd0438de54fc91b1bb46d2556ba67d
0.012498288400037302
param0/12d463649ed6c176ab98a7077c964a60
0.012623519411366402
param0/1d4066f8ae88a1ebec8ca19d7516cb42
0.012374845070485144
param0/198dfa16ba9f5f6617e76f36a4eac3ec
0.01299428636966195
param0/1c490bf1c6b32ef6ff213501a803f212
0.013249308555582798
param0/18ff13d7f181e7625fa21635eac9e4ed
0.01303209166507753
param0/14ace3e8d05f8d21a413908c0e169330
0.013011402004861464
param0/1176dff7f0ec879719d740e0f6a9a113
0.014040129538482512
param0/1cf17a1e1841d10c9e6a3356df3f3d9a
0.013590113275705125
param0/19f52dd4592c3fb5531e940de4b7770d
0.013133070764134948
param0/17600a4881b1ff6a5c14de0cb75f4d3e
0.012755599364906126
param0/198d8e274c59511b36a1a31af8f59
0.012439097767819136
param0/18a9275b78be4b9ec6d3267fc5334296
0.013118185348295158
param0/1be81460e620aea65cde8c99e4b182f9
0.012904407128304192
param0/11dba0c2ec8127356c2fe9dcfa1ee2f8
0.012621433479819413
param0/18aad9d102afbca57ba2273581c30cb
0.012304977650125243
param0/1100f9eac1ca426a3dc399576707b67
0.01241384791572679
param0/1ab80bc91a45b7d0a31091d2234b9f68
0.012156362273370658
param0/13d090612aec3d80ca92a4cdad802b45
0.013089071461072353
param0/15c785a7505992c3a9be8fd09fb14f4f
0.012926537325163424
param0/100715345ee54d7ae38b52b4ee9d36a3
0.012710953402194258
param0/12a034b6be9afb50ae983613a2e0a741
0.012500591459014396
param0/1d0a46cfc2799eefdeea60824a43a0b
0.01230118056312583
param0/1213742aa7815fd0e23d60a1b706b44f
0.012232459917104078
param0/163786646ae2578749a5fc144a874235
0.011991756147555268
param0/15c3b923c85d22796d8b9531f93cc8de
0.012593656811594302
param0/19245fb8ee79038fcd059a326bfe20ef
0.012801094020596595
param0/1c5a350ea0f55f793fbce9ec40e1f047
0.013036610487488486
param0/1a56d596c77ad5936fa87a658faf1d26
0.012928479132023373
param0/11d1fdaedf3ab83b8fb28f8a689c8ba3
0.012917302345454627
param0/12cd99c20b1a5a932e877e82c90c24d
0.012727049326676024
param0/10555502fa7b3027283ffcfc40c29975
0.013068928781317863
param0/1cff510c0630c3cc673ddeabdcc8c6e
0.013043462820098954
param0/1724ae84377e0b9ba6c2c95b41a5446d
0.012862952293902712
param0/1336353d15efdf010f6f717db02df67
0.01264176469979857
param0/192fdf42f5a2623d673ddeabdcc8c6e
0.012816930368828305
param0/12cf05b9f5f2d2c195c8d3a7db4dbe65
0.01297656688857949
param0/1782558e47730989b96212c8f6cd06e
0.012965294336669366
param0/1523402e11400b75becf71e2e014ff6f
0.012815028414191177
param0/1399eab8ad7262eb7f3efc94c2d31dc5
0.012608911256620562
param0/1abeca7159db7ed9f200a72c9245aee7
0.012398992071821621
param0/1b85c850cb4b93a6e9415adaaf77fdbf
0.012491402554017178
param0/1284876ac0e2371aa4dbb766064f8bbf
0.012358832718929423
param0/156d4748560997c9a848f24544821b25
0.012667174080134179
param0/158a95b4da25aa1fa37f3fc191551700
0.01290298973340253
param0/1328a95d69cefe32f200a72c9245aee7
0.013113953825933602
param0/10247b51a42b41603ffe0e5069bf1eb5
0.013072609507522277
param0/1d4b2404a00ef4bb627014ff98c41eb1
0.013121648712589612
param0/1cd50bde9a3e711637b0898eccd7168
0.012943545017805015
param0/19d49c8015948b742d60c8689a64d7a0
0.013057708312438753
param0/1ae530f49a914595b491214a0cc2380
0.01293552294234623
param0/18e16129375e723e6f8f8c736fcc7940
0.012857947469127894
param0/10716a366de708b8fac96522b26f7fd
0.01268354871184018
param0/15cc37ac9b3b756acfd826dd468a5497
0.012705012964258362
param0/1b5b5a43e0281030b96212c8f6cd06e
0.012889088244152283
param0/1137cd58d6a45c6659a47b1880958de9
0.012903657012048497
param0/19cd3489f05d203f9ed410a010efa019
0.012922063014877251
param0/11a96098620b2ebac2f9fb5458a091d1
0.012811942808081385
param0/1687b77b048d1aaf635b88185c42637a
0.013059869887351498
param0/19042f5a90290859441c11ab4641b257
0.013058229388520411
param0/1c66dbe15a6be89a7bfe055aeab68431
0.012992214362861894
param0/1c4590ebc214e029816bd8f64e08b2bc
0.012916550390735434
param0/139718b631cbca546a36136419d55d5c
0.012898430841432228
param0/150f2cf6e9c54d08c24a350006d347c
0.012925870653438623
param0/119033fe083145e22f31600ac759c763
0.012829220746467297
param0/1c53bc6a3992b0843677ee89898ae463
0.012765670189851773
param0/1b94aad142e6c2b8af9f38a1ee687286
0.012747432751095486
param0/165aec174bb93968a114c8c036e29a08
0.012633591995859448
param0/1acfbda4ce0ec524bedced414fad522f
0.01253511310517526
param0/1aef0af3cdafb118c6a40bdf315062da
0.012502709769945036
param0/1a0bc9ab92c915167ae33d942430658c
0.012382743709884503
param0/12b5e4f52c22b348d8499d8846cb4c3b
0.012248786321337161
param0/139df45393b6847838805e546aa28d99
0.012314607977903387
param0/1104f0924e03f2b6fc5886e868449015
0.012266787161131592
param0/1641efa5c92514d86c4f4dbcda5f2fc0
0.01238412148650685
param0/147889b73fa491d82e877e82c90c24d
0.012293823353262357
param0/173669aeeba92aaec4929b8bd41b8bc6
0.012252469289964627
param0/1089cbe82dc0e72133d7c9e122eec9b6
0.012316565252213467
param0/109567d7d55b8fe515a520abec2f04dd
0.012232229021192828
param0/18927999d0c5a9687ba2618ede0d52ff
0.01235141677537126
param0/1768f55a3c29cd483337cb9d908ce86e
0.012327143824417627
param0/12d7c4013415ea147f5b0cb87a91de52
0.012416771030055172
rho_d:  0.9896789678967896
c_d:  0.012416771030055172
relative l2 error press: 0.0800657474522437
relative l2 error velo: 0.02110720033313494
press: 5.12476885349053
velo: [0.11435322 0.13642591 0.38092083] 0.2427546
time: 0.007823612689971924
